<?xml version="1.0" encoding="UTF-8"?>
<!-- Generated by org.testng.reporters.JUnitReportReporter -->
<testsuite hostname="DESKTOP-6990CHT" failures="0" tests="4" name="testNg.Day4" time="0.006" errors="0" timestamp="2022-05-04T14:55:42 BST" skipped="0">
  <testcase classname="testNg.Day4" name="getData2" time="0.003"/>
  <system-out/>
  <testcase classname="testNg.Day4" name="getData4" time="0.001"/>
  <system-out/>
  <testcase classname="testNg.Day4" name="getData1" time="0.001"/>
  <system-out/>
  <testcase classname="testNg.Day4" name="getData3" time="0.001"/>
  <system-out/>
</testsuite> <!-- testNg.Day4 -->
