<?xml version="1.0" encoding="UTF-8"?>
<!-- Generated by org.testng.reporters.JUnitReportReporter -->
<testsuite hostname="DESKTOP-6990CHT" failures="0" tests="4" name="testNg.Day2" time="0.006" errors="0" timestamp="2022-05-04T14:55:42 BST" skipped="0">
  <testcase classname="testNg.Day2" name="Selenium" time="0.001"/>
  <system-out/>
  <testcase classname="testNg.Day2" name="Java" time="0.001"/>
  <system-out/>
  <testcase classname="testNg.Day2" name="MobileApp" time="0.002"/>
  <system-out/>
  <testcase classname="testNg.Day2" name="RestAPI" time="0.002"/>
  <system-out/>
</testsuite> <!-- testNg.Day2 -->
