<?xml version="1.0" encoding="UTF-8"?>
<!-- Generated by org.testng.reporters.JUnitReportReporter -->
<testsuite hostname="DESKTOP-6990CHT" failures="0" tests="6" name="testNg.Day3" time="0.025" errors="0" timestamp="2022-05-04T14:55:42 BST" skipped="0">
  <testcase classname="testNg.Day3" name="Homeloan" time="0.004"/>
  <system-out/>
  <testcase classname="testNg.Day3" name="PersonalLoan" time="0.004"/>
  <system-out/>
  <testcase classname="testNg.Day3" name="CarLaon" time="0.004"/>
  <system-out/>
  <testcase classname="testNg.Day3" name="InsuranceLoan" time="0.003"/>
  <system-out/>
  <testcase classname="testNg.Day3" name="Homeloan" time="0.007"/>
  <system-out/>
  <testcase classname="testNg.Day3" name="Homeloan" time="0.003"/>
  <system-out/>
</testsuite> <!-- testNg.Day3 -->
