<?xml version="1.0" encoding="UTF-8"?>
<!-- Generated by org.testng.reporters.JUnitReportReporter -->
<testsuite hostname="DESKTOP-6990CHT" failures="0" tests="4" name="testNg.runningTestcases" time="0.015" errors="0" timestamp="2022-05-04T14:55:42 BST" skipped="0">
  <testcase classname="testNg.runningTestcases" name="getData" time="0.002"/>
  <system-out/>
  <testcase classname="testNg.runningTestcases" name="AfterSuite" time="0.008"/>
  <system-out/>
  <testcase classname="testNg.runningTestcases" name="demo" time="0.003"/>
  <system-out/>
  <testcase classname="testNg.runningTestcases" name="String" time="0.002"/>
  <system-out/>
</testsuite> <!-- testNg.runningTestcases -->
